+-------+-----+------+-----+-----+-----+--------+---------------------------------------+--------+--------+---------+--------+--------+--------+--------+--------+-----------+------------+---------------+-----------+
| COUNT | 1XX | 2XX  | 3XX | 4XX | 5XX | METHOD |                  URI                  |  MIN   |  MAX   |   SUM   |  AVG   |  P90   |  P95   |  P99   | STDDEV | MIN(BODY) | MAX(BODY)  |   SUM(BODY)   | AVG(BODY) |
+-------+-----+------+-----+-----+-----+--------+---------------------------------------+--------+--------+---------+--------+--------+--------+--------+--------+-----------+------------+---------------+-----------+
| 1     | 0   | 1    | 0   | 0   | 0   | POST   | /api/initialize                       | 10.308 | 10.308 | 10.308  | 10.308 | 10.308 | 10.308 | 10.308 | 0.000  | 27.000    | 27.000     | 27.000        | 27.000    |
| 2     | 0   | 2    | 0   | 0   | 0   | GET    | /api/livestream/7496/statistics       | 6.780  | 6.912  | 13.692  | 6.846  | 6.912  | 6.912  | 6.912  | 0.066  | 100.000   | 102.000    | 202.000       | 101.000   |
| 29    | 0   | 26   | 0   | 3   | 0   | POST   | /api/livestream/[0-9]+/moderate       | 0.284  | 8.740  | 119.856 | 4.133  | 4.768  | 7.880  | 8.740  | 1.390  | 0.000     | 23.000     | 598.000       | 20.621    |
| 85    | 0   | 85   | 0   | 0   | 0   | GET    | /api/livestream/search                | 0.032  | 2.564  | 62.452  | 0.735  | 1.976  | 2.280  | 2.564  | 0.562  | 49498.000 | 126797.000 | 6070834.000   | 71421.576 |
| 1     | 0   | 1    | 0   | 0   | 0   | GET    | /api/user/yamazakikyosuke0/livestream | 0.468  | 0.468  | 0.468   | 0.468  | 0.468  | 0.468  | 0.468  | 0.000  | 3826.000  | 3826.000   | 3826.000      | 3826.000  |
| 1     | 0   | 1    | 0   | 0   | 0   | GET    | /api/user/atanaka0/livestream         | 0.296  | 0.296  | 0.296   | 0.296  | 0.296  | 0.296  | 0.296  | 0.000  | 5018.000  | 5018.000   | 5018.000      | 5018.000  |
| 509   | 0   | 508  | 0   | 1   | 0   | GET    | /api/livestream/[0-9]+/livecomment    | 0.004  | 1.172  | 148.740 | 0.292  | 0.616  | 0.736  | 0.840  | 0.223  | 0.000     | 47188.000  | 6248552.000   | 12276.134 |
| 542   | 0   | 538  | 0   | 4   | 0   | GET    | /api/livestream/[0-9]+/reaction       | 0.004  | 1.140  | 139.900 | 0.258  | 0.560  | 0.696  | 0.884  | 0.223  | 0.000     | 41273.000  | 5653408.000   | 10430.642 |
| 1     | 0   | 1    | 0   | 0   | 0   | GET    | /api/user/kazuya580/livestream        | 0.248  | 0.248  | 0.248   | 0.248  | 0.248  | 0.248  | 0.248  | 0.000  | 2562.000  | 2562.000   | 2562.000      | 2562.000  |
| 2     | 0   | 2    | 0   | 0   | 0   | GET    | /api/user/jtakahashi0/livestream      | 0.224  | 0.236  | 0.460   | 0.230  | 0.236  | 0.236  | 0.236  | 0.006  | 2587.000  | 5130.000   | 7717.000      | 3858.500  |
| 3     | 0   | 3    | 0   | 0   | 0   | GET    | /api/user/satomigoto0/livestream      | 0.140  | 0.296  | 0.684   | 0.228  | 0.296  | 0.296  | 0.296  | 0.065  | 5096.000  | 6372.000   | 16570.000     | 5523.333  |
| 150   | 0   | 146  | 0   | 4   | 0   | POST   | /api/livestream/reservation           | 0.112  | 0.456  | 34.053  | 0.227  | 0.364  | 0.388  | 0.448  | 0.121  | 0.000     | 1497.000   | 167349.000    | 1115.660  |
| 11    | 0   | 11   | 0   | 0   | 0   | GET    | /api/user/[A-Za-z0-9]+/statistics     | 0.012  | 0.344  | 2.244   | 0.204  | 0.268  | 0.344  | 0.344  | 0.097  | 133.000   | 154.000    | 1538.000      | 139.818   |
| 254   | 0   | 250  | 0   | 3   | 1   | POST   | /api/register                         | 0.000  | 0.516  | 49.376  | 0.194  | 0.312  | 0.376  | 0.508  | 0.088  | 0.000     | 522.000    | 117481.000    | 462.524   |
| 1     | 0   | 1    | 0   | 0   | 0   | GET    | /api/user/yamamotomai0/livestream     | 0.160  | 0.160  | 0.160   | 0.160  | 0.160  | 0.160  | 0.160  | 0.000  | 2549.000  | 2549.000   | 2549.000      | 2549.000  |
| 69    | 0   | 69   | 0   | 0   | 0   | GET    | /api/livestream                       | 0.012  | 0.316  | 8.064   | 0.117  | 0.244  | 0.292  | 0.316  | 0.078  | 3.000     | 22522.000  | 157734.000    | 2286.000  |
| 536   | 0   | 527  | 0   | 9   | 0   | POST   | /api/livestream/[0-9]+/livecomment    | 0.000  | 0.508  | 46.708  | 0.087  | 0.144  | 0.188  | 0.328  | 0.058  | 0.000     | 2690.000   | 1042159.000   | 1944.326  |
| 470   | 0   | 469  | 0   | 1   | 0   | POST   | /api/livestream/[0-9]+/reaction       | 0.004  | 0.452  | 39.184  | 0.083  | 0.152  | 0.196  | 0.316  | 0.057  | 0.000     | 2240.000   | 867032.000    | 1844.749  |
| 257   | 0   | 255  | 0   | 0   | 2   | POST   | /api/icon                             | 0.012  | 0.508  | 20.640  | 0.080  | 0.164  | 0.216  | 0.348  | 0.068  | 14.000    | 154.000    | 4280.000      | 16.654    |
| 53    | 0   | 53   | 0   | 0   | 0   | POST   | /api/livestream/[0-9]+/enter          | 0.004  | 0.428  | 4.108   | 0.078  | 0.224  | 0.272  | 0.428  | 0.089  | 0.000     | 0.000      | 0.000         | 0.000     |
| 133   | 0   | 133  | 0   | 0   | 0   | GET    | /api/tag                              | 0.008  | 0.292  | 7.264   | 0.055  | 0.148  | 0.192  | 0.280  | 0.063  | 6089.000  | 6095.000   | 810353.000    | 6092.880  |
| 57    | 0   | 57   | 0   | 0   | 0   | GET    | /api/livestream/[0-9]+/ngwords        | 0.004  | 0.428  | 2.764   | 0.048  | 0.084  | 0.220  | 0.428  | 0.073  | 5.000     | 143.000    | 1053.000      | 18.474    |
| 42    | 0   | 42   | 0   | 0   | 0   | DELETE | /api/livestream/[0-9]+/exit           | 0.004  | 0.268  | 1.860   | 0.044  | 0.116  | 0.120  | 0.268  | 0.049  | 0.000     | 0.000      | 0.000         | 0.000     |
| 89    | 0   | 88   | 0   | 0   | 1   | GET    | /api/livestream/[0-9]+/report         | 0.008  | 0.428  | 3.860   | 0.043  | 0.100  | 0.152  | 0.428  | 0.064  | 3.000     | 19314.000  | 60618.000     | 681.101   |
| 258   | 0   | 256  | 0   | 2   | 0   | POST   | /api/login                            | 0.004  | 0.360  | 10.348  | 0.040  | 0.112  | 0.164  | 0.228  | 0.053  | 0.000     | 64.000     | 128.000       | 0.496     |
| 10    | 0   | 10   | 0   | 0   | 0   | GET    | /api/user/[A-Za-z0-9]+/theme          | 0.004  | 0.136  | 0.400   | 0.040  | 0.104  | 0.136  | 0.136  | 0.042  | 35.000    | 35.000     | 350.000       | 35.000    |
| 4255  | 0   | 4253 | 0   | 2   | 0   | GET    | /api/user/[A-Za-z0-9]+/icon           | 0.004  | 0.484  | 166.676 | 0.039  | 0.100  | 0.140  | 0.232  | 0.048  | 0.000     | 103175.000 | 216351627.000 | 50846.446 |
| 1     | 0   | 1    | 0   | 0   | 0   | GET    | /api/livestream/7497                  | 0.004  | 0.004  | 0.004   | 0.004  | 0.004  | 0.004  | 0.004  | 0.000  | 1497.000  | 1497.000   | 1497.000      | 1497.000  |
| 1     | 0   | 1    | 0   | 0   | 0   | GET    | /api/payment                          | 0.004  | 0.004  | 0.004   | 0.004  | 0.004  | 0.004  | 0.004  | 0.000  | 21.000    | 21.000     | 21.000        | 21.000    |
| 3     | 0   | 3    | 0   | 0   | 0   | GET    | /api/user/me                          | 0.000  | 0.000  | 0.000   | 0.000  | 0.000  | 0.000  | 0.000  | 0.000  | 235.000   | 247.000    | 729.000       | 243.000   |
| 1     | 0   | 1    | 0   | 0   | 0   | GET    | /api/user/test                        | 0.000  | 0.000  | 0.000   | 0.000  | 0.000  | 0.000  | 0.000  | 0.000  | 235.000   | 235.000    | 235.000       | 235.000   |
| 1     | 0   | 1    | 0   | 0   | 0   | GET    | /                                     | 0.000  | 0.000  | 0.000   | 0.000  | 0.000  | 0.000  | 0.000  | 0.000  | 396.000   | 396.000    | 396.000       | 396.000   |
+-------+-----+------+-----+-----+-----+--------+---------------------------------------+--------+--------+---------+--------+--------+--------+--------+--------+-----------+------------+---------------+-----------+
